<testsuite errors="0" failures="0" name="Django Project Tests" skips="0" tests="7" time="0.039"><testcase classname="polls.tests.QuestionIndexViewTests" name="test_future_question" time="0.020532" /><testcase classname="polls.tests.QuestionIndexViewTests" name="test_future_question_and_past_question" time="0.003224" /><testcase classname="polls.tests.QuestionIndexViewTests" name="test_no_questions" time="0.002836" /><testcase classname="polls.tests.QuestionIndexViewTests" name="test_past_question" time="0.003766" /><testcase classname="polls.tests.QuestionIndexViewTests" name="test_two_past_questions" time="0.004128" /><testcase classname="polls.tests.QuestionModelTests" name="test_was_published_recently_with_old_question" time="0.000098" /><testcase classname="polls.tests.QuestionModelTests" name="test_was_published_recently_with_recent_question" time="0.000075" /></testsuite>